Environment variables loaded from .env
Prisma schema loaded from prisma\schema.prisma
Datasource "db": PostgreSQL database "postgres", schema "public" at "db.srlczmmckwnyfpwpybab.supabase.co:5432"

node.exe : Error: P1001: 
Can't reach database server 
at `db.srlczmmckwnyfpwpybab.s
upabase.co:5432`
At line:1 char:1
+ & "C:\Program 
Files\nodejs/node.exe" 
"C:\Users\Shafeek 
BGS\AppData\Ro ...
+ ~~~~~~~~~~~~~~~~~~~~~~~~~~~
~~~~~~~~~~~~~~~~~~~~~~~~~~~~~
~~~~~~~~~~~~~
    + CategoryInfo           
   : NotSpecified: (Error:   
  P1001: C...pabase.co:543   
 2`:String) [], RemoteExc    
eption
    + FullyQualifiedErrorId  
   : NativeCommandError
 

Please make sure your 
database server is running 
at `db.srlczmmckwnyfpwpybab.s
upabase.co:5432`.
